2019-04-09 16:42:12,892 [Worker-7] INFO  o.e.m.c.i.l.LifecycleMappingFactory - Using org.maven.ide.eclipse.wtp.WarLifecycleMapping lifecycle mapping for MavenProject: com.gennlife:crf_mysql:0.0.1-SNAPSHOT @ D:\workspace\test2\pom.xml.
2019-04-09 16:42:13,809 [Worker-7] WARN  o.e.m.c.i.embedder.EclipseLogger - The POM for org.aspectj:aspectjweaver:jar:1.8.0.M1 is missing, no dependency information available
2019-04-09 16:42:14,960 [Worker-7] WARN  o.e.m.c.i.embedder.EclipseLogger - The artifact xmlbeans:xmlbeans:pom:2.3.0 has been relocated to org.apache.xmlbeans:xmlbeans:pom:2.3.0
2019-04-09 16:42:16,890 [Worker-7] WARN  o.e.m.c.i.embedder.EclipseLogger - The POM for org.aspectj:aspectjweaver:jar:1.8.0.M1 is missing, no dependency information available
2019-04-09 16:42:17,559 [Worker-7] WARN  o.e.m.c.i.embedder.EclipseLogger - The artifact xmlbeans:xmlbeans:pom:2.3.0 has been relocated to org.apache.xmlbeans:xmlbeans:pom:2.3.0
2019-04-09 16:42:21,841 [Worker-2] INFO  o.e.m.c.i.l.LifecycleMappingFactory - Using org.maven.ide.eclipse.wtp.WarLifecycleMapping lifecycle mapping for MavenProject: com.gennlife:crf_mysql:0.0.1-SNAPSHOT @ D:\workspace\test2\pom.xml.
2019-04-09 16:42:23,746 [Worker-2] WARN  o.e.m.c.i.embedder.EclipseLogger - The POM for org.aspectj:aspectjweaver:jar:1.8.0.M1 is missing, no dependency information available
2019-04-09 16:42:24,442 [Worker-2] WARN  o.e.m.c.i.embedder.EclipseLogger - The artifact xmlbeans:xmlbeans:pom:2.3.0 has been relocated to org.apache.xmlbeans:xmlbeans:pom:2.3.0
2019-04-09 16:42:25,496 [Worker-2] WARN  o.e.m.c.i.embedder.EclipseLogger - The POM for org.aspectj:aspectjweaver:jar:1.8.0.M1 is missing, no dependency information available
2019-04-09 16:42:26,016 [Worker-2] WARN  o.e.m.c.i.embedder.EclipseLogger - The artifact xmlbeans:xmlbeans:pom:2.3.0 has been relocated to org.apache.xmlbeans:xmlbeans:pom:2.3.0
2019-04-09 16:43:40,532 [Worker-11] INFO  o.e.m.c.i.l.LifecycleMappingFactory - Using org.maven.ide.eclipse.wtp.WarLifecycleMapping lifecycle mapping for MavenProject: com.gennlife:autoplatform:0.0.1-SNAPSHOT @ D:\workspace\test2\pom.xml.
2019-04-09 16:43:42,095 [Worker-11] WARN  o.e.m.c.i.embedder.EclipseLogger - The POM for org.aspectj:aspectjweaver:jar:1.8.0.M1 is missing, no dependency information available
2019-04-09 16:43:42,835 [Worker-11] WARN  o.e.m.c.i.embedder.EclipseLogger - The artifact xmlbeans:xmlbeans:pom:2.3.0 has been relocated to org.apache.xmlbeans:xmlbeans:pom:2.3.0
2019-04-09 16:43:43,662 [Worker-11] WARN  o.e.m.c.i.embedder.EclipseLogger - The POM for org.aspectj:aspectjweaver:jar:1.8.0.M1 is missing, no dependency information available
2019-04-09 16:43:44,172 [Worker-11] WARN  o.e.m.c.i.embedder.EclipseLogger - The artifact xmlbeans:xmlbeans:pom:2.3.0 has been relocated to org.apache.xmlbeans:xmlbeans:pom:2.3.0
2019-04-09 16:43:45,509 [Worker-11] WARN  o.e.m.c.i.embedder.EclipseLogger - Using platform encoding (UTF-8 actually) to copy filtered resources, i.e. build is platform dependent!
2019-04-09 16:43:45,518 [Worker-11] INFO  o.e.m.c.i.embedder.EclipseLogger - Copying 7 resources
2019-04-09 16:43:45,551 [Worker-11] WARN  o.e.m.c.i.embedder.EclipseLogger - Using platform encoding (UTF-8 actually) to copy filtered resources, i.e. build is platform dependent!
2019-04-09 16:43:45,552 [Worker-11] INFO  o.e.m.c.i.embedder.EclipseLogger - skip non existing resourceDirectory D:\workspace\test2\src\test\resources
2019-04-09 16:45:52,107 [Worker-3] INFO  o.e.m.c.i.l.LifecycleMappingFactory - Using org.maven.ide.eclipse.wtp.WarLifecycleMapping lifecycle mapping for MavenProject: com.gennlife:autoplatform:0.0.1-SNAPSHOT @ D:\workspace\test2\pom.xml.
2019-04-09 16:45:52,156 [Worker-7] WARN  o.e.m.c.i.embedder.EclipseLogger - The POM for org.aspectj:aspectjweaver:jar:1.8.0.M1 is missing, no dependency information available
2019-04-09 16:45:53,780 [Worker-3] WARN  o.e.m.c.i.embedder.EclipseLogger - The POM for org.aspectj:aspectjweaver:jar:1.8.0.M1 is missing, no dependency information available
2019-04-09 16:45:54,168 [Worker-7] WARN  o.e.m.c.i.embedder.EclipseLogger - The artifact xmlbeans:xmlbeans:pom:2.3.0 has been relocated to org.apache.xmlbeans:xmlbeans:pom:2.3.0
2019-04-09 16:45:54,878 [Worker-3] WARN  o.e.m.c.i.embedder.EclipseLogger - The artifact xmlbeans:xmlbeans:pom:2.3.0 has been relocated to org.apache.xmlbeans:xmlbeans:pom:2.3.0
2019-04-09 16:46:37,013 [Worker-3] WARN  o.e.m.c.i.embedder.EclipseLogger - The POM for org.aspectj:aspectjweaver:jar:1.8.0.M1 is missing, no dependency information available
2019-04-09 16:46:37,541 [Worker-3] WARN  o.e.m.c.i.embedder.EclipseLogger - The artifact xmlbeans:xmlbeans:pom:2.3.0 has been relocated to org.apache.xmlbeans:xmlbeans:pom:2.3.0
2019-04-09 16:46:50,699 [Worker-7] WARN  o.e.m.c.i.embedder.EclipseLogger - Using platform encoding (UTF-8 actually) to copy filtered resources, i.e. build is platform dependent!
2019-04-09 16:46:50,825 [Worker-7] INFO  o.e.m.c.i.embedder.EclipseLogger - Copying 7 resources
2019-04-09 16:46:51,694 [Worker-7] WARN  o.e.m.c.i.embedder.EclipseLogger - Using platform encoding (UTF-8 actually) to copy filtered resources, i.e. build is platform dependent!
2019-04-09 16:46:51,696 [Worker-7] INFO  o.e.m.c.i.embedder.EclipseLogger - skip non existing resourceDirectory D:\workspace\test2\src\test\resources
2019-04-09 16:47:48,668 [Worker-4] INFO  o.e.m.c.i.l.LifecycleMappingFactory - Using org.maven.ide.eclipse.wtp.WarLifecycleMapping lifecycle mapping for MavenProject: com.gennlife:AutoPlatform:0.0.1-SNAPSHOT @ D:\workspace\test2\pom.xml.
2019-04-09 16:47:49,160 [Worker-4] WARN  o.e.m.c.i.embedder.EclipseLogger - The POM for org.aspectj:aspectjweaver:jar:1.8.0.M1 is missing, no dependency information available
2019-04-09 16:47:49,602 [Worker-4] WARN  o.e.m.c.i.embedder.EclipseLogger - The artifact xmlbeans:xmlbeans:pom:2.3.0 has been relocated to org.apache.xmlbeans:xmlbeans:pom:2.3.0
2019-04-09 16:47:50,897 [Worker-4] WARN  o.e.m.c.i.embedder.EclipseLogger - The POM for org.aspectj:aspectjweaver:jar:1.8.0.M1 is missing, no dependency information available
2019-04-09 16:47:51,466 [Worker-4] WARN  o.e.m.c.i.embedder.EclipseLogger - The artifact xmlbeans:xmlbeans:pom:2.3.0 has been relocated to org.apache.xmlbeans:xmlbeans:pom:2.3.0
2019-04-09 16:47:52,252 [Worker-4] WARN  o.e.m.c.i.embedder.EclipseLogger - Using platform encoding (UTF-8 actually) to copy filtered resources, i.e. build is platform dependent!
2019-04-09 16:47:52,256 [Worker-4] INFO  o.e.m.c.i.embedder.EclipseLogger - Copying 0 resource
2019-04-09 16:47:52,258 [Worker-4] WARN  o.e.m.c.i.embedder.EclipseLogger - Using platform encoding (UTF-8 actually) to copy filtered resources, i.e. build is platform dependent!
2019-04-09 16:47:52,259 [Worker-4] INFO  o.e.m.c.i.embedder.EclipseLogger - skip non existing resourceDirectory D:\workspace\test2\src\test\resources
2019-04-09 16:47:52,261 [Worker-4] INFO  o.e.m.w.i.f.ResourceFilteringBuildParticipant - Changed resources require a complete clean of filtered resources of crf_mysql
2019-04-09 16:47:52,262 [Worker-4] INFO  o.e.m.w.i.f.ResourceFilteringBuildParticipant - Executing resource filtering for crf_mysql
2019-04-09 16:47:52,269 [Worker-4] WARN  o.e.m.c.i.embedder.EclipseLogger - Using platform encoding (UTF-8 actually) to copy filtered resources, i.e. build is platform dependent!
2019-04-09 16:49:10,437 [Worker-0] INFO  o.e.m.c.i.l.LifecycleMappingFactory - Using org.maven.ide.eclipse.wtp.WarLifecycleMapping lifecycle mapping for MavenProject: com.gennlife:AutoPlatform:0.0.1-SNAPSHOT @ D:\workspace\test2\pom.xml.
2019-04-09 16:49:10,991 [Worker-0] WARN  o.e.m.c.i.embedder.EclipseLogger - The POM for org.aspectj:aspectjweaver:jar:1.8.0.M1 is missing, no dependency information available
2019-04-09 16:49:11,526 [Worker-0] WARN  o.e.m.c.i.embedder.EclipseLogger - The artifact xmlbeans:xmlbeans:pom:2.3.0 has been relocated to org.apache.xmlbeans:xmlbeans:pom:2.3.0
2019-04-09 16:49:12,198 [Worker-0] WARN  o.e.m.c.i.embedder.EclipseLogger - The POM for org.aspectj:aspectjweaver:jar:1.8.0.M1 is missing, no dependency information available
2019-04-09 16:49:12,669 [Worker-0] WARN  o.e.m.c.i.embedder.EclipseLogger - The artifact xmlbeans:xmlbeans:pom:2.3.0 has been relocated to org.apache.xmlbeans:xmlbeans:pom:2.3.0
2019-04-09 16:49:13,526 [Worker-0] WARN  o.e.m.c.i.embedder.EclipseLogger - Using platform encoding (UTF-8 actually) to copy filtered resources, i.e. build is platform dependent!
2019-04-09 16:49:13,528 [Worker-0] INFO  o.e.m.c.i.embedder.EclipseLogger - Copying 0 resource
2019-04-09 16:49:13,529 [Worker-0] WARN  o.e.m.c.i.embedder.EclipseLogger - Using platform encoding (UTF-8 actually) to copy filtered resources, i.e. build is platform dependent!
2019-04-09 16:49:13,531 [Worker-0] INFO  o.e.m.c.i.embedder.EclipseLogger - skip non existing resourceDirectory D:\workspace\test2\src\test\resources
2019-04-09 16:50:14,489 [Worker-14] WARN  o.e.m.c.i.embedder.EclipseLogger - Using platform encoding (UTF-8 actually) to copy filtered resources, i.e. build is platform dependent!
2019-04-09 16:50:14,503 [Worker-14] INFO  o.e.m.c.i.embedder.EclipseLogger - Copying 7 resources
2019-04-09 16:50:14,522 [Worker-14] WARN  o.e.m.c.i.embedder.EclipseLogger - Using platform encoding (UTF-8 actually) to copy filtered resources, i.e. build is platform dependent!
2019-04-09 16:50:14,523 [Worker-14] INFO  o.e.m.c.i.embedder.EclipseLogger - skip non existing resourceDirectory D:\workspace\test2\src\test\resources
2019-04-09 16:58:44,067 [ModalContext] WARN  o.e.m.i.discovery.MavenDiscovery - CatalogItem org.eclipse.m2e.discovery.lifecyclemapping.m2e-wtp does not contain lifecycle mapping metadata
2019-04-09 16:58:44,069 [ModalContext] WARN  o.e.m.i.discovery.MavenDiscovery - CatalogItem org.eclipse.m2e.discovery.lifecyclemapping.m2e-egit does not contain lifecycle mapping metadata
2019-04-09 16:58:44,072 [ModalContext] WARN  o.e.m.i.discovery.MavenDiscovery - CatalogItem org.eclipse.m2e.discovery.lifecyclemapping.m2e-subversive does not contain lifecycle mapping metadata
2019-04-09 16:58:44,074 [ModalContext] WARN  o.e.m.i.discovery.MavenDiscovery - CatalogItem org.eclipse.m2e.discovery.lifecyclemapping.m2e-subclipse does not contain lifecycle mapping metadata
2019-04-09 17:09:51,488 [Worker-3] INFO  o.e.m.c.i.l.LifecycleMappingFactory - Using org.maven.ide.eclipse.wtp.WarLifecycleMapping lifecycle mapping for MavenProject: com.gennlife:crf_mysql:0.0.1-SNAPSHOT @ D:\workspace\auto\pom.xml.
2019-04-09 17:09:52,430 [Worker-3] WARN  o.e.m.c.i.embedder.EclipseLogger - The POM for org.aspectj:aspectjweaver:jar:1.8.0.M1 is missing, no dependency information available
2019-04-09 17:09:53,622 [Worker-3] WARN  o.e.m.c.i.embedder.EclipseLogger - The artifact xmlbeans:xmlbeans:pom:2.3.0 has been relocated to org.apache.xmlbeans:xmlbeans:pom:2.3.0
2019-04-09 17:09:55,533 [Worker-3] WARN  o.e.m.c.i.embedder.EclipseLogger - The POM for org.aspectj:aspectjweaver:jar:1.8.0.M1 is missing, no dependency information available
2019-04-09 17:09:56,320 [Worker-3] WARN  o.e.m.c.i.embedder.EclipseLogger - The artifact xmlbeans:xmlbeans:pom:2.3.0 has been relocated to org.apache.xmlbeans:xmlbeans:pom:2.3.0
2019-04-09 17:10:00,280 [Worker-6] INFO  o.e.m.c.i.l.LifecycleMappingFactory - Using org.maven.ide.eclipse.wtp.WarLifecycleMapping lifecycle mapping for MavenProject: com.gennlife:crf_mysql:0.0.1-SNAPSHOT @ D:\workspace\auto\pom.xml.
2019-04-09 17:10:01,417 [Worker-6] WARN  o.e.m.c.i.embedder.EclipseLogger - The POM for org.aspectj:aspectjweaver:jar:1.8.0.M1 is missing, no dependency information available
2019-04-09 17:10:02,275 [Worker-6] WARN  o.e.m.c.i.embedder.EclipseLogger - The artifact xmlbeans:xmlbeans:pom:2.3.0 has been relocated to org.apache.xmlbeans:xmlbeans:pom:2.3.0
2019-04-09 17:10:03,269 [Worker-6] WARN  o.e.m.c.i.embedder.EclipseLogger - The POM for org.aspectj:aspectjweaver:jar:1.8.0.M1 is missing, no dependency information available
2019-04-09 17:10:03,683 [Worker-6] WARN  o.e.m.c.i.embedder.EclipseLogger - The artifact xmlbeans:xmlbeans:pom:2.3.0 has been relocated to org.apache.xmlbeans:xmlbeans:pom:2.3.0
2019-04-09 17:10:33,564 [main] ERROR o.e.m2e.editor.pom.OverviewPage - Failed to populate overview panel
org.eclipse.swt.SWTException: Widget is disposed
	at org.eclipse.swt.SWT.error(SWT.java:4397) ~[org.eclipse.swt.win32.win32.x86_64_3.102.0.v20130605-1544.jar:na]
	at org.eclipse.swt.SWT.error(SWT.java:4312) ~[org.eclipse.swt.win32.win32.x86_64_3.102.0.v20130605-1544.jar:na]
	at org.eclipse.swt.SWT.error(SWT.java:4283) ~[org.eclipse.swt.win32.win32.x86_64_3.102.0.v20130605-1544.jar:na]
	at org.eclipse.swt.widgets.Widget.error(Widget.java:472) ~[org.eclipse.swt.win32.win32.x86_64_3.102.0.v20130605-1544.jar:na]
	at org.eclipse.swt.widgets.Widget.checkWidget(Widget.java:344) ~[org.eclipse.swt.win32.win32.x86_64_3.102.0.v20130605-1544.jar:na]
	at org.eclipse.swt.widgets.Control.setBackgroundImage(Control.java:3045) ~[org.eclipse.swt.win32.win32.x86_64_3.102.0.v20130605-1544.jar:na]
	at org.eclipse.ui.forms.widgets.Section.internalSetExpanded(Section.java:113) ~[na:na]
	at org.eclipse.ui.forms.widgets.ExpandableComposite.setExpanded(ExpandableComposite.java:871) ~[na:na]
	at org.eclipse.m2e.editor.pom.OverviewPage$17$1.process(OverviewPage.java:1149) ~[na:na]
	at org.eclipse.m2e.core.ui.internal.editing.PomEdits.performOnDOMDocument(PomEdits.java:460) ~[org.eclipse.m2e.core.ui_1.4.1.20140328-1905.jar:na]
	at org.eclipse.m2e.editor.pom.OverviewPage$17.run(OverviewPage.java:1128) ~[na:na]
	at org.eclipse.swt.widgets.RunnableLock.run(RunnableLock.java:35) [org.eclipse.swt.win32.win32.x86_64_3.102.0.v20130605-1544.jar:na]
	at org.eclipse.swt.widgets.Synchronizer.runAsyncMessages(Synchronizer.java:135) [org.eclipse.swt.win32.win32.x86_64_3.102.0.v20130605-1544.jar:na]
	at org.eclipse.swt.widgets.Display.runAsyncMessages(Display.java:4145) [org.eclipse.swt.win32.win32.x86_64_3.102.0.v20130605-1544.jar:na]
	at org.eclipse.swt.widgets.Display.readAndDispatch(Display.java:3762) [org.eclipse.swt.win32.win32.x86_64_3.102.0.v20130605-1544.jar:na]
	at org.eclipse.e4.ui.internal.workbench.swt.PartRenderingEngine$9.run(PartRenderingEngine.java:1113) [org.eclipse.e4.ui.workbench.swt_0.12.0.v20130517-0139.jar:na]
	at org.eclipse.core.databinding.observable.Realm.runWithDefault(Realm.java:332) [org.eclipse.core.databinding.observable_1.4.1.v20130515-1857.jar:na]
	at org.eclipse.e4.ui.internal.workbench.swt.PartRenderingEngine.run(PartRenderingEngine.java:997) [org.eclipse.e4.ui.workbench.swt_0.12.0.v20130517-0139.jar:na]
	at org.eclipse.e4.ui.internal.workbench.E4Workbench.createAndRunUI(E4Workbench.java:138) [org.eclipse.e4.ui.workbench_1.0.0.v20130531-1444.jar:na]
	at org.eclipse.ui.internal.Workbench$5.run(Workbench.java:610) [org.eclipse.ui.workbench_3.105.0.v20130529-1406.jar:na]
	at org.eclipse.core.databinding.observable.Realm.runWithDefault(Realm.java:332) [org.eclipse.core.databinding.observable_1.4.1.v20130515-1857.jar:na]
	at org.eclipse.ui.internal.Workbench.createAndRunWorkbench(Workbench.java:567) [org.eclipse.ui.workbench_3.105.0.v20130529-1406.jar:na]
	at org.eclipse.ui.PlatformUI.createAndRunWorkbench(PlatformUI.java:150) [org.eclipse.ui.workbench_3.105.0.v20130529-1406.jar:na]
	at org.eclipse.ui.internal.ide.application.IDEApplication.start(IDEApplication.java:124) [org.eclipse.ui.ide.application_1.0.400.v20130326-1250.jar:na]
	at org.eclipse.equinox.internal.app.EclipseAppHandle.run(EclipseAppHandle.java:196) [org.eclipse.equinox.app_1.3.100.v20130327-1442.jar:na]
	at org.eclipse.core.runtime.internal.adaptor.EclipseAppLauncher.runApplication(EclipseAppLauncher.java:110) [org.eclipse.osgi_3.9.0.v20130529-1710.jar:na]
	at org.eclipse.core.runtime.internal.adaptor.EclipseAppLauncher.start(EclipseAppLauncher.java:79) [org.eclipse.osgi_3.9.0.v20130529-1710.jar:na]
	at org.eclipse.core.runtime.adaptor.EclipseStarter.run(EclipseStarter.java:354) [org.eclipse.osgi_3.9.0.v20130529-1710.jar:na]
	at org.eclipse.core.runtime.adaptor.EclipseStarter.run(EclipseStarter.java:181) [org.eclipse.osgi_3.9.0.v20130529-1710.jar:na]
	at sun.reflect.NativeMethodAccessorImpl.invoke0(Native Method) ~[na:1.8.0_152]
	at sun.reflect.NativeMethodAccessorImpl.invoke(NativeMethodAccessorImpl.java:62) ~[na:1.8.0_152]
	at sun.reflect.DelegatingMethodAccessorImpl.invoke(DelegatingMethodAccessorImpl.java:43) ~[na:1.8.0_152]
	at java.lang.reflect.Method.invoke(Method.java:498) ~[na:1.8.0_152]
	at org.eclipse.equinox.launcher.Main.invokeFramework(Main.java:636) [org.eclipse.equinox.launcher_1.3.0.v20130327-1440.jar:na]
	at org.eclipse.equinox.launcher.Main.basicRun(Main.java:591) [org.eclipse.equinox.launcher_1.3.0.v20130327-1440.jar:na]
	at org.eclipse.equinox.launcher.Main.run(Main.java:1450) [org.eclipse.equinox.launcher_1.3.0.v20130327-1440.jar:na]
2019-04-09 17:11:32,116 [Worker-10] INFO  o.e.m.c.i.l.LifecycleMappingFactory - Using org.maven.ide.eclipse.wtp.WarLifecycleMapping lifecycle mapping for MavenProject: com.gennlife:Autoplatform:0.0.1-SNAPSHOT @ D:\workspace\auto\pom.xml.
2019-04-09 17:11:32,726 [Worker-10] WARN  o.e.m.c.i.embedder.EclipseLogger - The POM for org.aspectj:aspectjweaver:jar:1.8.0.M1 is missing, no dependency information available
2019-04-09 17:11:33,478 [Worker-10] WARN  o.e.m.c.i.embedder.EclipseLogger - The artifact xmlbeans:xmlbeans:pom:2.3.0 has been relocated to org.apache.xmlbeans:xmlbeans:pom:2.3.0
2019-04-09 17:11:34,190 [Worker-10] WARN  o.e.m.c.i.embedder.EclipseLogger - The POM for org.aspectj:aspectjweaver:jar:1.8.0.M1 is missing, no dependency information available
2019-04-09 17:11:34,693 [Worker-10] WARN  o.e.m.c.i.embedder.EclipseLogger - The artifact xmlbeans:xmlbeans:pom:2.3.0 has been relocated to org.apache.xmlbeans:xmlbeans:pom:2.3.0
2019-04-09 17:11:36,006 [Worker-10] WARN  o.e.m.c.i.embedder.EclipseLogger - Using platform encoding (UTF-8 actually) to copy filtered resources, i.e. build is platform dependent!
2019-04-09 17:11:36,020 [Worker-10] INFO  o.e.m.c.i.embedder.EclipseLogger - Copying 7 resources
2019-04-09 17:11:36,046 [Worker-10] WARN  o.e.m.c.i.embedder.EclipseLogger - Using platform encoding (UTF-8 actually) to copy filtered resources, i.e. build is platform dependent!
2019-04-09 17:11:36,047 [Worker-10] INFO  o.e.m.c.i.embedder.EclipseLogger - skip non existing resourceDirectory D:\workspace\auto\src\test\resources
2019-04-09 17:13:08,771 [Worker-16] INFO  o.e.m.c.i.l.LifecycleMappingFactory - Using org.maven.ide.eclipse.wtp.WarLifecycleMapping lifecycle mapping for MavenProject: com.gennlife:Autoplatform:0.0.1-SNAPSHOT @ D:\workspace\auto\pom.xml.
2019-04-09 17:13:09,261 [Worker-16] WARN  o.e.m.c.i.embedder.EclipseLogger - The POM for org.aspectj:aspectjweaver:jar:1.8.0.M1 is missing, no dependency information available
2019-04-09 17:13:09,706 [Worker-16] WARN  o.e.m.c.i.embedder.EclipseLogger - The artifact xmlbeans:xmlbeans:pom:2.3.0 has been relocated to org.apache.xmlbeans:xmlbeans:pom:2.3.0
2019-04-09 17:13:10,201 [Worker-16] WARN  o.e.m.c.i.embedder.EclipseLogger - The POM for org.aspectj:aspectjweaver:jar:1.8.0.M1 is missing, no dependency information available
2019-04-09 17:13:10,671 [Worker-16] WARN  o.e.m.c.i.embedder.EclipseLogger - The artifact xmlbeans:xmlbeans:pom:2.3.0 has been relocated to org.apache.xmlbeans:xmlbeans:pom:2.3.0
2019-04-09 17:13:11,166 [Worker-16] WARN  o.e.m.c.i.embedder.EclipseLogger - Using platform encoding (UTF-8 actually) to copy filtered resources, i.e. build is platform dependent!
2019-04-09 17:13:11,173 [Worker-16] INFO  o.e.m.c.i.embedder.EclipseLogger - Copying 0 resource
2019-04-09 17:13:11,183 [Worker-16] WARN  o.e.m.c.i.embedder.EclipseLogger - Using platform encoding (UTF-8 actually) to copy filtered resources, i.e. build is platform dependent!
2019-04-09 17:13:11,185 [Worker-16] INFO  o.e.m.c.i.embedder.EclipseLogger - skip non existing resourceDirectory D:\workspace\auto\src\test\resources
2019-04-09 17:17:54,030 [Worker-14] INFO  o.e.m.c.i.p.ProjectConfigurationManager - Update started
2019-04-09 17:17:54,255 [Worker-14] INFO  o.e.m.c.i.l.LifecycleMappingFactory - Using org.maven.ide.eclipse.wtp.WarLifecycleMapping lifecycle mapping for MavenProject: com.gennlife:Autoplatform:0.0.1-SNAPSHOT @ D:\workspace\auto\pom.xml.
2019-04-09 17:17:54,596 [Worker-14] WARN  o.e.m.c.i.embedder.EclipseLogger - The POM for org.aspectj:aspectjweaver:jar:1.8.0.M1 is missing, no dependency information available
2019-04-09 17:17:54,970 [Worker-14] WARN  o.e.m.c.i.embedder.EclipseLogger - The artifact xmlbeans:xmlbeans:pom:2.3.0 has been relocated to org.apache.xmlbeans:xmlbeans:pom:2.3.0
2019-04-09 17:17:55,373 [Worker-14] WARN  o.e.m.c.i.embedder.EclipseLogger - The POM for org.aspectj:aspectjweaver:jar:1.8.0.M1 is missing, no dependency information available
2019-04-09 17:17:55,711 [Worker-14] WARN  o.e.m.c.i.embedder.EclipseLogger - The artifact xmlbeans:xmlbeans:pom:2.3.0 has been relocated to org.apache.xmlbeans:xmlbeans:pom:2.3.0
2019-04-09 17:19:00,885 [Worker-20] WARN  o.e.m.c.i.embedder.EclipseLogger - Using platform encoding (UTF-8 actually) to copy filtered resources, i.e. build is platform dependent!
2019-04-09 17:19:00,915 [Worker-20] INFO  o.e.m.c.i.embedder.EclipseLogger - Copying 7 resources
2019-04-09 17:19:00,942 [Worker-20] WARN  o.e.m.c.i.embedder.EclipseLogger - Using platform encoding (UTF-8 actually) to copy filtered resources, i.e. build is platform dependent!
2019-04-09 17:19:00,945 [Worker-20] INFO  o.e.m.c.i.embedder.EclipseLogger - skip non existing resourceDirectory D:\workspace\auto\src\test\resources
2019-04-09 17:19:00,959 [Worker-20] INFO  o.e.m.w.i.f.ResourceFilteringBuildParticipant - Changed resources require a complete clean of filtered resources of crf_mysql
2019-04-09 17:19:00,965 [Worker-20] INFO  o.e.m.w.i.f.ResourceFilteringBuildParticipant - Executing resource filtering for crf_mysql
2019-04-09 17:19:01,041 [Worker-20] WARN  o.e.m.c.i.embedder.EclipseLogger - Using platform encoding (UTF-8 actually) to copy filtered resources, i.e. build is platform dependent!
2019-04-09 17:26:05,706 [Worker-2] WARN  o.e.m.c.i.embedder.EclipseLogger - The POM for org.aspectj:aspectjweaver:jar:1.8.0.M1 is missing, no dependency information available
2019-04-09 17:26:07,295 [Worker-2] WARN  o.e.m.c.i.embedder.EclipseLogger - The artifact xmlbeans:xmlbeans:pom:2.3.0 has been relocated to org.apache.xmlbeans:xmlbeans:pom:2.3.0
2019-04-09 17:26:24,115 [Worker-4] WARN  o.e.m.c.i.embedder.EclipseLogger - Using platform encoding (UTF-8 actually) to copy filtered resources, i.e. build is platform dependent!
2019-04-09 17:26:24,131 [Worker-4] INFO  o.e.m.c.i.embedder.EclipseLogger - Copying 7 resources
2019-04-09 17:26:24,143 [Worker-4] WARN  o.e.m.c.i.embedder.EclipseLogger - Using platform encoding (UTF-8 actually) to copy filtered resources, i.e. build is platform dependent!
2019-04-09 17:26:24,144 [Worker-4] INFO  o.e.m.c.i.embedder.EclipseLogger - skip non existing resourceDirectory D:\workspace\auto\src\test\resources
2019-04-09 17:41:55,598 [Worker-10] INFO  o.e.m.c.i.p.ProjectConfigurationManager - Update started
2019-04-09 17:41:56,382 [Worker-10] INFO  o.e.m.c.i.l.LifecycleMappingFactory - Using org.maven.ide.eclipse.wtp.WarLifecycleMapping lifecycle mapping for MavenProject: com.gennlife:Autoplatform:0.0.1-SNAPSHOT @ D:\workspace\auto\pom.xml.
2019-04-09 17:41:56,992 [Worker-10] WARN  o.e.m.c.i.embedder.EclipseLogger - The POM for org.aspectj:aspectjweaver:jar:1.8.0.M1 is missing, no dependency information available
2019-04-09 17:41:57,611 [Worker-10] WARN  o.e.m.c.i.embedder.EclipseLogger - The artifact xmlbeans:xmlbeans:pom:2.3.0 has been relocated to org.apache.xmlbeans:xmlbeans:pom:2.3.0
2019-04-09 17:41:58,195 [Worker-10] WARN  o.e.m.c.i.embedder.EclipseLogger - The POM for org.aspectj:aspectjweaver:jar:1.8.0.M1 is missing, no dependency information available
2019-04-09 17:41:58,641 [Worker-10] WARN  o.e.m.c.i.embedder.EclipseLogger - The artifact xmlbeans:xmlbeans:pom:2.3.0 has been relocated to org.apache.xmlbeans:xmlbeans:pom:2.3.0
2019-04-09 17:42:01,601 [Worker-10] INFO  o.e.m.w.i.f.ResourceFilteringBuildParticipant - Cleaning filtered folder for crf_mysql
2019-04-09 17:42:01,632 [Worker-10] INFO  o.e.m.c.i.p.ProjectConfigurationManager - Update completed: 6 sec
2019-04-09 17:43:35,529 [Worker-12] WARN  o.e.m.c.i.embedder.EclipseLogger - Using platform encoding (UTF-8 actually) to copy filtered resources, i.e. build is platform dependent!
2019-04-09 17:43:35,637 [Worker-12] INFO  o.e.m.c.i.embedder.EclipseLogger - Copying 7 resources
2019-04-09 17:43:36,026 [Worker-12] WARN  o.e.m.c.i.embedder.EclipseLogger - Using platform encoding (UTF-8 actually) to copy filtered resources, i.e. build is platform dependent!
2019-04-09 17:43:36,030 [Worker-12] INFO  o.e.m.c.i.embedder.EclipseLogger - skip non existing resourceDirectory D:\workspace\auto\src\test\resources
2019-04-09 17:50:19,572 [Worker-4] INFO  o.e.m.c.i.p.ProjectConfigurationManager - Update started
2019-04-09 17:50:19,871 [Worker-4] INFO  o.e.m.c.i.l.LifecycleMappingFactory - Using org.maven.ide.eclipse.wtp.WarLifecycleMapping lifecycle mapping for MavenProject: com.gennlife:Autoplatform:0.0.1-SNAPSHOT @ D:\workspace\auto\pom.xml.
2019-04-09 17:50:20,433 [Worker-4] WARN  o.e.m.c.i.embedder.EclipseLogger - The POM for org.aspectj:aspectjweaver:jar:1.8.0.M1 is missing, no dependency information available
2019-04-09 17:50:20,913 [Worker-4] WARN  o.e.m.c.i.embedder.EclipseLogger - The artifact xmlbeans:xmlbeans:pom:2.3.0 has been relocated to org.apache.xmlbeans:xmlbeans:pom:2.3.0
2019-04-09 17:50:21,416 [Worker-4] WARN  o.e.m.c.i.embedder.EclipseLogger - The POM for org.aspectj:aspectjweaver:jar:1.8.0.M1 is missing, no dependency information available
2019-04-09 17:50:21,816 [Worker-4] WARN  o.e.m.c.i.embedder.EclipseLogger - The artifact xmlbeans:xmlbeans:pom:2.3.0 has been relocated to org.apache.xmlbeans:xmlbeans:pom:2.3.0
2019-04-09 17:50:25,339 [Worker-4] INFO  o.e.m.w.i.f.ResourceFilteringBuildParticipant - Cleaning filtered folder for crf_mysql
2019-04-09 17:50:25,367 [Worker-4] INFO  o.e.m.c.i.p.ProjectConfigurationManager - Update completed: 5 sec
2019-04-09 17:51:28,120 [Worker-19] WARN  o.e.m.c.i.embedder.EclipseLogger - Using platform encoding (UTF-8 actually) to copy filtered resources, i.e. build is platform dependent!
2019-04-09 17:51:28,134 [Worker-19] INFO  o.e.m.c.i.embedder.EclipseLogger - Copying 7 resources
2019-04-09 17:51:28,508 [Worker-19] WARN  o.e.m.c.i.embedder.EclipseLogger - Using platform encoding (UTF-8 actually) to copy filtered resources, i.e. build is platform dependent!
2019-04-09 17:51:28,522 [Worker-19] INFO  o.e.m.c.i.embedder.EclipseLogger - skip non existing resourceDirectory D:\workspace\auto\src\test\resources
2019-04-09 18:01:05,079 [Worker-4] WARN  o.e.m.c.i.embedder.EclipseLogger - The POM for org.aspectj:aspectjweaver:jar:1.8.0.M1 is missing, no dependency information available
2019-04-09 18:01:06,911 [Worker-4] WARN  o.e.m.c.i.embedder.EclipseLogger - The artifact xmlbeans:xmlbeans:pom:2.3.0 has been relocated to org.apache.xmlbeans:xmlbeans:pom:2.3.0
2019-04-09 18:04:04,674 [Worker-1] WARN  o.e.m.c.i.embedder.EclipseLogger - Using platform encoding (UTF-8 actually) to copy filtered resources, i.e. build is platform dependent!
2019-04-09 18:04:04,707 [Worker-1] INFO  o.e.m.c.i.embedder.EclipseLogger - Copying 7 resources
2019-04-09 18:04:04,887 [Worker-1] WARN  o.e.m.c.i.embedder.EclipseLogger - Using platform encoding (UTF-8 actually) to copy filtered resources, i.e. build is platform dependent!
2019-04-09 18:04:04,889 [Worker-1] INFO  o.e.m.c.i.embedder.EclipseLogger - skip non existing resourceDirectory D:\workspace\auto\src\test\resources
